
An unexpected exception has been detected in native code outside the VM.
Unexpected Signal : EXCEPTION_ACCESS_VIOLATION (0xc0000005) occurred at PC=0x1AD31AA5
Function=[Unknown.]
Library=C:\temp\runescape\win32.dll

NOTE: We are unable to locate the function name symbol for the error
      just occurred. Please refer to release documentation for possible
      reason and solutions.


Current Java thread:
	at Main.setTopWindow(Native Method)
	at Main.main(Main.java:294)

Dynamic libraries:
0x00400000 - 0x00406000 	C:\WINNT\system32\java.exe
0x77F80000 - 0x77FFB000 	C:\WINNT\system32\ntdll.dll
0x7C2D0000 - 0x7C332000 	C:\WINNT\system32\ADVAPI32.dll
0x7C570000 - 0x7C623000 	C:\WINNT\system32\KERNEL32.DLL
0x77D30000 - 0x77D9E000 	C:\WINNT\system32\RPCRT4.DLL
0x78000000 - 0x78045000 	C:\WINNT\system32\MSVCRT.dll
0x08000000 - 0x08136000 	C:\Program Files\Java\j2re1.4.2\bin\client\jvm.dll
0x77E10000 - 0x77E6F000 	C:\WINNT\system32\USER32.dll
0x77F40000 - 0x77F79000 	C:\WINNT\system32\GDI32.dll
0x77570000 - 0x775A0000 	C:\WINNT\system32\WINMM.dll
0x10000000 - 0x10007000 	C:\Program Files\Java\j2re1.4.2\bin\hpi.dll
0x007C0000 - 0x007CE000 	C:\Program Files\Java\j2re1.4.2\bin\verify.dll
0x007D0000 - 0x007E8000 	C:\Program Files\Java\j2re1.4.2\bin\java.dll
0x007F0000 - 0x007FD000 	C:\Program Files\Java\j2re1.4.2\bin\zip.dll
0x18270000 - 0x1837A000 	C:\Program Files\Java\j2re1.4.2\bin\awt.dll
0x77800000 - 0x7781E000 	C:\WINNT\system32\WINSPOOL.DRV
0x76620000 - 0x76631000 	C:\WINNT\system32\MPR.DLL
0x75E60000 - 0x75E7A000 	C:\WINNT\system32\IMM32.dll
0x77A50000 - 0x77B3C000 	C:\WINNT\system32\ole32.dll
0x18580000 - 0x185D0000 	C:\Program Files\Java\j2re1.4.2\bin\fontmanager.dll
0x51000000 - 0x51047000 	C:\WINNT\system32\ddraw.dll
0x728A0000 - 0x728A6000 	C:\WINNT\system32\DCIMAN32.dll
0x5C000000 - 0x5C0C8000 	C:\WINNT\system32\D3DIM700.DLL
0x60000000 - 0x60045000 	C:\WINNT\system32\MSCTF.dll
0x779B0000 - 0x77A4B000 	C:\WINNT\system32\OLEAUT32.DLL
0x1AD10000 - 0x1AD15000 	C:\Program Files\Java\j2re1.4.2\bin\jawt.dll
0x1AD20000 - 0x1AD4D000 	C:\temp\runescape\win32.dll
0x77920000 - 0x77943000 	C:\WINNT\system32\imagehlp.dll
0x72A00000 - 0x72A2D000 	C:\WINNT\system32\DBGHELP.dll
0x690A0000 - 0x690AB000 	C:\WINNT\system32\PSAPI.DLL

Heap at VM Abort:
Heap
 def new generation   total 1536K, used 1516K [0x10010000, 0x101b0000, 0x104f0000)
  eden space 1408K,  99% used [0x10010000, 0x1016fff8, 0x10170000)
  from space 128K,  85% used [0x10190000, 0x101ab3d0, 0x101b0000)
  to   space 128K,   0% used [0x10170000, 0x10170000, 0x10190000)
 tenured generation   total 19244K, used 16013K [0x104f0000, 0x117bb000, 0x14010000)
   the space 19244K,  83% used [0x104f0000, 0x11493658, 0x11493800, 0x117bb000)
 compacting perm gen  total 5888K, used 5772K [0x14010000, 0x145d0000, 0x18010000)
   the space 5888K,  98% used [0x14010000, 0x145b30c0, 0x145b3200, 0x145d0000)

Local Time = Thu Oct 30 12:21:28 2003
Elapsed Time = 6
#
# The exception above was detected in native code outside the VM
#
# Java VM: Java HotSpot(TM) Client VM (1.4.2-beta-b19 mixed mode)
#
